{"numTotalTestSuites":87,"numPassedTestSuites":87,"numFailedTestSuites":0,"numPendingTestSuites":0,"numTotalTests":166,"numPassedTests":144,"numFailedTests":0,"numPendingTests":22,"numTodoTests":0,"snapshot":{"added":0,"failure":false,"filesAdded":0,"filesRemoved":0,"filesRemovedList":[],"filesUnmatched":0,"filesUpdated":0,"matched":0,"total":0,"unchecked":0,"uncheckedKeysByFile":[],"unmatched":0,"updated":0,"didUpdate":false},"startTime":1763612867126,"success":true,"testResults":[{"assertionResults":[{"ancestorTitles":["GameEngine","initializeGame"],"fullName":"GameEngine initializeGame should initialize game with shuffled deck","status":"passed","title":"should initialize game with shuffled deck","duration":8.41780000000017,"failureMessages":[],"meta":{}},{"ancestorTitles":["GameEngine","addPlayer"],"fullName":"GameEngine addPlayer should add players to the game","status":"passed","title":"should add players to the game","duration":1.1972000000000662,"failureMessages":[],"meta":{}},{"ancestorTitles":["GameEngine","addPlayer"],"fullName":"GameEngine addPlayer should reject players when game is full","status":"passed","title":"should reject players when game is full","duration":1.2429999999999382,"failureMessages":[],"meta":{}},{"ancestorTitles":["GameEngine","startGame"],"fullName":"GameEngine startGame should deal cards and transition to floor reveal","status":"passed","title":"should deal cards and transition to floor reveal","duration":3.916500000000269,"failureMessages":[],"meta":{}},{"ancestorTitles":["GameEngine","processPlayerAction"],"fullName":"GameEngine processPlayerAction should process valid pick up action","status":"passed","title":"should process valid pick up action","duration":3.225500000000011,"failureMessages":[],"meta":{}},{"ancestorTitles":["GameEngine","processPlayerAction"],"fullName":"GameEngine processPlayerAction should reject invalid action","status":"passed","title":"should reject invalid action","duration":5.492000000000189,"failureMessages":[],"meta":{}},{"ancestorTitles":["GameEngine","validateGameState"],"fullName":"GameEngine validateGameState should validate initialized game state","status":"passed","title":"should validate initialized game state","duration":2.6823999999996886,"failureMessages":[],"meta":{}}],"startTime":1763612870791,"endTime":1763612870817.6824,"status":"passed","message":"","name":"E:/ocentra-games/src/engine/__tests__/GameEngine.test.ts"},{"assertionResults":[{"ancestorTitles":["P2PManager"],"fullName":"P2PManager sets and clears the local media stream","status":"passed","title":"sets and clears the local media stream","duration":5.6775000000002365,"failureMessages":[],"meta":{}},{"ancestorTitles":["P2PManager"],"fullName":"P2PManager creates an offer when initiating a connection","status":"passed","title":"creates an offer when initiating a connection","duration":1.9346000000000458,"failureMessages":[],"meta":{}},{"ancestorTitles":["P2PManager"],"fullName":"P2PManager handles an incoming offer and returns an answer","status":"passed","title":"handles an incoming offer and returns an answer","duration":0.7907000000000153,"failureMessages":[],"meta":{}},{"ancestorTitles":["P2PManager"],"fullName":"P2PManager handles an incoming answer","status":"passed","title":"handles an incoming answer","duration":0.6851999999998952,"failureMessages":[],"meta":{}},{"ancestorTitles":["P2PManager"],"fullName":"P2PManager adds an ICE candidate","status":"passed","title":"adds an ICE candidate","duration":0.6179999999999382,"failureMessages":[],"meta":{}},{"ancestorTitles":["P2PManager"],"fullName":"P2PManager sends a broadcast chat message","status":"passed","title":"sends a broadcast chat message","duration":1.5255999999999403,"failureMessages":[],"meta":{}},{"ancestorTitles":["P2PManager"],"fullName":"P2PManager sends a direct chat message to a peer","status":"passed","title":"sends a direct chat message to a peer","duration":2.210399999999936,"failureMessages":[],"meta":{}},{"ancestorTitles":["P2PManager"],"fullName":"P2PManager disconnects from a peer","status":"passed","title":"disconnects from a peer","duration":0.4751000000001113,"failureMessages":[],"meta":{}},{"ancestorTitles":["P2PManager"],"fullName":"P2PManager disconnects from all peers","status":"passed","title":"disconnects from all peers","duration":0.5334000000002561,"failureMessages":[],"meta":{}},{"ancestorTitles":["P2PManager"],"fullName":"P2PManager emits peer connection events","status":"passed","title":"emits peer connection events","duration":0.6278000000002066,"failureMessages":[],"meta":{}},{"ancestorTitles":["P2PManager"],"fullName":"P2PManager emits chat messages received over the data channel","status":"passed","title":"emits chat messages received over the data channel","duration":0.4388000000003558,"failureMessages":[],"meta":{}},{"ancestorTitles":["P2PManager"],"fullName":"P2PManager emits remote media streams","status":"passed","title":"emits remote media streams","duration":0.49450000000024374,"failureMessages":[],"meta":{}},{"ancestorTitles":["P2PManager"],"fullName":"P2PManager forwards ICE candidates to listeners","status":"passed","title":"forwards ICE candidates to listeners","duration":0.4551000000001295,"failureMessages":[],"meta":{}},{"ancestorTitles":["P2PManager"],"fullName":"P2PManager cleans up resources on destroy","status":"passed","title":"cleans up resources on destroy","duration":1.3007000000002336,"failureMessages":[],"meta":{}}],"startTime":1763612869338,"endTime":1763612869357.3008,"status":"passed","message":"","name":"E:/ocentra-games/src/network/__tests__/P2PManager.test.ts"},{"assertionResults":[{"ancestorTitles":["WebRTCHandler"],"fullName":"WebRTCHandler creates peer connections and attaches handlers","status":"passed","title":"creates peer connections and attaches handlers","duration":3.412800000000061,"failureMessages":[],"meta":{}},{"ancestorTitles":["WebRTCHandler"],"fullName":"WebRTCHandler attaches local media tracks when setting a stream","status":"passed","title":"attaches local media tracks when setting a stream","duration":2.951599999999871,"failureMessages":[],"meta":{}},{"ancestorTitles":["WebRTCHandler"],"fullName":"WebRTCHandler creates data channels for peers","status":"passed","title":"creates data channels for peers","duration":1.2780000000002474,"failureMessages":[],"meta":{}},{"ancestorTitles":["WebRTCHandler"],"fullName":"WebRTCHandler creates offers and sets local description","status":"passed","title":"creates offers and sets local description","duration":1.0180999999997766,"failureMessages":[],"meta":{}},{"ancestorTitles":["WebRTCHandler"],"fullName":"WebRTCHandler creates answers for incoming offers","status":"passed","title":"creates answers for incoming offers","duration":1.2991000000001804,"failureMessages":[],"meta":{}},{"ancestorTitles":["WebRTCHandler"],"fullName":"WebRTCHandler adds ICE candidates","status":"passed","title":"adds ICE candidates","duration":0.5837000000001353,"failureMessages":[],"meta":{}},{"ancestorTitles":["WebRTCHandler"],"fullName":"WebRTCHandler sends messages over open data channels","status":"passed","title":"sends messages over open data channels","duration":0.9101000000000568,"failureMessages":[],"meta":{}},{"ancestorTitles":["WebRTCHandler"],"fullName":"WebRTCHandler broadcasts messages to all peers","status":"passed","title":"broadcasts messages to all peers","duration":0.5479999999997744,"failureMessages":[],"meta":{}},{"ancestorTitles":["WebRTCHandler"],"fullName":"WebRTCHandler tracks connected peers based on channel events","status":"passed","title":"tracks connected peers based on channel events","duration":1.7492000000002008,"failureMessages":[],"meta":{}},{"ancestorTitles":["WebRTCHandler"],"fullName":"WebRTCHandler invokes message callbacks when receiving data","status":"passed","title":"invokes message callbacks when receiving data","duration":0.5985000000000582,"failureMessages":[],"meta":{}},{"ancestorTitles":["WebRTCHandler"],"fullName":"WebRTCHandler invokes remote stream callbacks when tracks arrive","status":"passed","title":"invokes remote stream callbacks when tracks arrive","duration":0.4535999999998239,"failureMessages":[],"meta":{}},{"ancestorTitles":["WebRTCHandler"],"fullName":"WebRTCHandler closes individual peer connections","status":"passed","title":"closes individual peer connections","duration":0.39069999999992433,"failureMessages":[],"meta":{}},{"ancestorTitles":["WebRTCHandler"],"fullName":"WebRTCHandler closes all peer connections","status":"passed","title":"closes all peer connections","duration":0.2217000000000553,"failureMessages":[],"meta":{}}],"startTime":1763612869338,"endTime":1763612869353.4536,"status":"passed","message":"","name":"E:/ocentra-games/src/network/__tests__/WebRTCHandler.test.ts"},{"assertionResults":[{"ancestorTitles":["AssetManager","initialization"],"fullName":"AssetManager initialization should initialize successfully","status":"passed","title":"should initialize successfully","duration":4.425099999999929,"failureMessages":[],"meta":{}},{"ancestorTitles":["AssetManager","initialization"],"fullName":"AssetManager initialization should not initialize twice","status":"passed","title":"should not initialize twice","duration":0.5938000000001011,"failureMessages":[],"meta":{}},{"ancestorTitles":["AssetManager","bundle loading"],"fullName":"AssetManager bundle loading should load critical assets bundle","status":"skipped","title":"should load critical assets bundle","failureMessages":[],"meta":{}},{"ancestorTitles":["AssetManager","bundle loading"],"fullName":"AssetManager bundle loading should throw error for non-existent bundle","status":"passed","title":"should throw error for non-existent bundle","duration":1.867699999999786,"failureMessages":[],"meta":{}},{"ancestorTitles":["AssetManager","progress tracking"],"fullName":"AssetManager progress tracking should track loading progress","status":"passed","title":"should track loading progress","duration":0.7294999999999163,"failureMessages":[],"meta":{}},{"ancestorTitles":["AssetManager","texture manager integration"],"fullName":"AssetManager texture manager integration should provide texture manager","status":"passed","title":"should provide texture manager","duration":0.5434000000000196,"failureMessages":[],"meta":{}},{"ancestorTitles":["AssetManager","statistics"],"fullName":"AssetManager statistics should provide usage statistics","status":"passed","title":"should provide usage statistics","duration":0.9137000000000626,"failureMessages":[],"meta":{}},{"ancestorTitles":["AssetManager","memory management"],"fullName":"AssetManager memory management should clear all assets","status":"passed","title":"should clear all assets","duration":0.3056000000001404,"failureMessages":[],"meta":{}},{"ancestorTitles":["AssetManager","memory management"],"fullName":"AssetManager memory management should optimize memory usage","status":"passed","title":"should optimize memory usage","duration":0.6254999999996471,"failureMessages":[],"meta":{}},{"ancestorTitles":["IndexedDBCache","static methods"],"fullName":"IndexedDBCache static methods should check IndexedDB support","status":"passed","title":"should check IndexedDB support","duration":0.23779999999987922,"failureMessages":[],"meta":{}},{"ancestorTitles":["IndexedDBCache"],"fullName":"IndexedDBCache should allow creating an instance","status":"passed","title":"should allow creating an instance","duration":0.2622000000001208,"failureMessages":[],"meta":{}}],"startTime":1763612869776,"endTime":1763612869787.2622,"status":"passed","message":"","name":"E:/ocentra-games/src/utils/__tests__/assetManager.test.ts"},{"assertionResults":[{"ancestorTitles":["DeckManager","createStandardDeck"],"fullName":"DeckManager createStandardDeck should create a 52-card deck","status":"passed","title":"should create a 52-card deck","duration":2.8008999999997286,"failureMessages":[],"meta":{}},{"ancestorTitles":["DeckManager","createStandardDeck"],"fullName":"DeckManager createStandardDeck should have 13 cards of each suit","status":"passed","title":"should have 13 cards of each suit","duration":0.9248999999999796,"failureMessages":[],"meta":{}},{"ancestorTitles":["DeckManager","createStandardDeck"],"fullName":"DeckManager createStandardDeck should have cards with values from 2 to 14","status":"passed","title":"should have cards with values from 2 to 14","duration":0.55600000000004,"failureMessages":[],"meta":{}},{"ancestorTitles":["DeckManager","createStandardDeck"],"fullName":"DeckManager createStandardDeck should have unique card IDs","status":"passed","title":"should have unique card IDs","duration":0.3678999999997359,"failureMessages":[],"meta":{}},{"ancestorTitles":["DeckManager","shuffleDeck"],"fullName":"DeckManager shuffleDeck should return a deck with same cards but different order","status":"passed","title":"should return a deck with same cards but different order","duration":2.1232999999997446,"failureMessages":[],"meta":{}},{"ancestorTitles":["DeckManager","shuffleDeck"],"fullName":"DeckManager shuffleDeck should produce deterministic results with same seed","status":"passed","title":"should produce deterministic results with same seed","duration":1.0522000000000844,"failureMessages":[],"meta":{}},{"ancestorTitles":["DeckManager","dealInitialHands"],"fullName":"DeckManager dealInitialHands should deal correct number of cards to each player","status":"passed","title":"should deal correct number of cards to each player","duration":1.2786999999998443,"failureMessages":[],"meta":{}},{"ancestorTitles":["DeckManager","dealInitialHands"],"fullName":"DeckManager dealInitialHands should deal unique cards to each player","status":"passed","title":"should deal unique cards to each player","duration":0.2903000000001157,"failureMessages":[],"meta":{}},{"ancestorTitles":["DeckManager","drawCard"],"fullName":"DeckManager drawCard should draw the top card from deck","status":"passed","title":"should draw the top card from deck","duration":1.492699999999786,"failureMessages":[],"meta":{}},{"ancestorTitles":["DeckManager","drawCard"],"fullName":"DeckManager drawCard should return null when deck is empty","status":"passed","title":"should return null when deck is empty","duration":0.35019999999985885,"failureMessages":[],"meta":{}}],"startTime":1763612869479,"endTime":1763612869491.35,"status":"passed","message":"","name":"E:/ocentra-games/src/engine/logic/__tests__/DeckManager.test.ts"},{"assertionResults":[{"ancestorTitles":["RuleEngine","validateAction"],"fullName":"RuleEngine validateAction should validate pick up action during floor reveal phase","status":"passed","title":"should validate pick up action during floor reveal phase","duration":2.2136999999997897,"failureMessages":[],"meta":{}},{"ancestorTitles":["RuleEngine","validateAction"],"fullName":"RuleEngine validateAction should reject pick up action when not player turn","status":"passed","title":"should reject pick up action when not player turn","duration":0.5216999999997824,"failureMessages":[],"meta":{}},{"ancestorTitles":["RuleEngine","validateAction"],"fullName":"RuleEngine validateAction should validate declare intent with valid suit","status":"passed","title":"should validate declare intent with valid suit","duration":0.31040000000029977,"failureMessages":[],"meta":{}},{"ancestorTitles":["RuleEngine","validateAction"],"fullName":"RuleEngine validateAction should reject declare intent with locked suit","status":"passed","title":"should reject declare intent with locked suit","duration":0.391399999999976,"failureMessages":[],"meta":{}},{"ancestorTitles":["RuleEngine","validateAction"],"fullName":"RuleEngine validateAction should reject declare intent without cards of that suit","status":"passed","title":"should reject declare intent without cards of that suit","duration":0.3395999999997912,"failureMessages":[],"meta":{}},{"ancestorTitles":["RuleEngine","validateAction"],"fullName":"RuleEngine validateAction should validate showdown call from declared player","status":"passed","title":"should validate showdown call from declared player","duration":0.4321999999997388,"failureMessages":[],"meta":{}},{"ancestorTitles":["RuleEngine","validateAction"],"fullName":"RuleEngine validateAction should validate rebuttal with valid 3-card run","status":"passed","title":"should validate rebuttal with valid 3-card run","duration":0.6898999999998523,"failureMessages":[],"meta":{}},{"ancestorTitles":["RuleEngine","getNextPhase"],"fullName":"RuleEngine getNextPhase should transition from floor reveal to player action on pick up","status":"passed","title":"should transition from floor reveal to player action on pick up","duration":0.507799999999861,"failureMessages":[],"meta":{}},{"ancestorTitles":["RuleEngine","getNextPhase"],"fullName":"RuleEngine getNextPhase should transition from player action to showdown on call showdown","status":"passed","title":"should transition from player action to showdown on call showdown","duration":1.0063999999997577,"failureMessages":[],"meta":{}}],"startTime":1763612869477,"endTime":1763612869485.0063,"status":"passed","message":"","name":"E:/ocentra-games/src/engine/logic/__tests__/RuleEngine.test.ts"},{"assertionResults":[{"ancestorTitles":["ScoreCalculator","calculatePlayerScore"],"fullName":"ScoreCalculator calculatePlayerScore should calculate score for declared player with clean sweep","status":"skipped","title":"should calculate score for declared player with clean sweep","failureMessages":[],"meta":{}},{"ancestorTitles":["ScoreCalculator","calculatePlayerScore"],"fullName":"ScoreCalculator calculatePlayerScore should calculate score for declared player with penalties","status":"skipped","title":"should calculate score for declared player with penalties","failureMessages":[],"meta":{}},{"ancestorTitles":["ScoreCalculator","calculatePlayerScore"],"fullName":"ScoreCalculator calculatePlayerScore should calculate penalty for undeclared player","status":"skipped","title":"should calculate penalty for undeclared player","failureMessages":[],"meta":{}},{"ancestorTitles":["ScoreCalculator","calculatePlayerScore"],"fullName":"ScoreCalculator calculatePlayerScore should detect long run bonus","status":"skipped","title":"should detect long run bonus","failureMessages":[],"meta":{}},{"ancestorTitles":["ScoreCalculator","calculatePlayerScore"],"fullName":"ScoreCalculator calculatePlayerScore should handle multiple long runs in same hand","status":"skipped","title":"should handle multiple long runs in same hand","failureMessages":[],"meta":{}},{"ancestorTitles":["ScoreCalculator","calculatePlayerScore"],"fullName":"ScoreCalculator calculatePlayerScore should handle edge case with ace-high run","status":"skipped","title":"should handle edge case with ace-high run","failureMessages":[],"meta":{}},{"ancestorTitles":["ScoreCalculator","calculatePlayerScore"],"fullName":"ScoreCalculator calculatePlayerScore should handle duplicate cards in long run detection","status":"skipped","title":"should handle duplicate cards in long run detection","failureMessages":[],"meta":{}},{"ancestorTitles":["ScoreCalculator","calculatePlayerScore"],"fullName":"ScoreCalculator calculatePlayerScore should calculate complex scoring scenario","status":"skipped","title":"should calculate complex scoring scenario","failureMessages":[],"meta":{}},{"ancestorTitles":["ScoreCalculator","calculatePlayerScore"],"fullName":"ScoreCalculator calculatePlayerScore should handle empty hand edge case","status":"skipped","title":"should handle empty hand edge case","failureMessages":[],"meta":{}},{"ancestorTitles":["ScoreCalculator","calculatePlayerScore"],"fullName":"ScoreCalculator calculatePlayerScore should handle undeclared player with large hand","status":"skipped","title":"should handle undeclared player with large hand","failureMessages":[],"meta":{}},{"ancestorTitles":["ScoreCalculator","calculateAllScores"],"fullName":"ScoreCalculator calculateAllScores should calculate scores for all players in game","status":"skipped","title":"should calculate scores for all players in game","failureMessages":[],"meta":{}},{"ancestorTitles":["ScoreCalculator","determineWinners"],"fullName":"ScoreCalculator determineWinners should determine single winner","status":"skipped","title":"should determine single winner","failureMessages":[],"meta":{}},{"ancestorTitles":["ScoreCalculator","determineWinners"],"fullName":"ScoreCalculator determineWinners should handle tie scenarios","status":"skipped","title":"should handle tie scenarios","failureMessages":[],"meta":{}},{"ancestorTitles":["ScoreCalculator","validateRebuttal"],"fullName":"ScoreCalculator validateRebuttal should validate a proper 3-card run","status":"skipped","title":"should validate a proper 3-card run","failureMessages":[],"meta":{}},{"ancestorTitles":["ScoreCalculator","validateRebuttal"],"fullName":"ScoreCalculator validateRebuttal should reject non-consecutive cards","status":"skipped","title":"should reject non-consecutive cards","failureMessages":[],"meta":{}},{"ancestorTitles":["ScoreCalculator","validateRebuttal"],"fullName":"ScoreCalculator validateRebuttal should reject mixed suits","status":"skipped","title":"should reject mixed suits","failureMessages":[],"meta":{}},{"ancestorTitles":["ScoreCalculator","validateRebuttal"],"fullName":"ScoreCalculator validateRebuttal should reject wrong number of cards","status":"skipped","title":"should reject wrong number of cards","failureMessages":[],"meta":{}},{"ancestorTitles":["ScoreCalculator","validateRebuttal"],"fullName":"ScoreCalculator validateRebuttal should validate ace-high rebuttal","status":"skipped","title":"should validate ace-high rebuttal","failureMessages":[],"meta":{}},{"ancestorTitles":["ScoreCalculator","validateRebuttal"],"fullName":"ScoreCalculator validateRebuttal should validate low-value rebuttal","status":"skipped","title":"should validate low-value rebuttal","failureMessages":[],"meta":{}},{"ancestorTitles":["ScoreCalculator","validateRebuttal"],"fullName":"ScoreCalculator validateRebuttal should reject ace-low wrap around","status":"skipped","title":"should reject ace-low wrap around","failureMessages":[],"meta":{}},{"ancestorTitles":["ScoreCalculator","validateRebuttal"],"fullName":"ScoreCalculator validateRebuttal should handle cards in wrong order","status":"skipped","title":"should handle cards in wrong order","failureMessages":[],"meta":{}}],"startTime":1763612867126,"endTime":1763612867126,"status":"passed","message":"","name":"E:/ocentra-games/src/engine/logic/__tests__/ScoreCalculator.test.ts"},{"assertionResults":[{"ancestorTitles":["EventBus"],"fullName":"EventBus returns failure OperationResult when a synchronous subscriber throws","status":"passed","title":"returns failure OperationResult when a synchronous subscriber throws","duration":12.83159999999998,"failureMessages":[],"meta":{}},{"ancestorTitles":["EventBus"],"fullName":"EventBus processes async subscribers sequentially when awaiting","status":"passed","title":"processes async subscribers sequentially when awaiting","duration":14.010600000000068,"failureMessages":[],"meta":{}},{"ancestorTitles":["EventBus"],"fullName":"EventBus drops queued events that exceed TTL","status":"passed","title":"drops queued events that exceed TTL","duration":61.452999999999975,"failureMessages":[],"meta":{}}],"startTime":1763612869619,"endTime":1763612869707.453,"status":"passed","message":"","name":"E:/ocentra-games/src/lib/eventing/__tests__/EventBus.spec.ts"},{"assertionResults":[{"ancestorTitles":["Serializable utilities"],"fullName":"Serializable utilities serializes nested serializable objects","status":"passed","title":"serializes nested serializable objects","duration":2.394900000000007,"failureMessages":[],"meta":{}},{"ancestorTitles":["Serializable utilities"],"fullName":"Serializable utilities deserializes nested serializable objects","status":"passed","title":"deserializes nested serializable objects","duration":1.0892999999998665,"failureMessages":[],"meta":{}},{"ancestorTitles":["Serializable utilities"],"fullName":"Serializable utilities supports immutability toggles","status":"passed","title":"supports immutability toggles","duration":0.5589999999999691,"failureMessages":[],"meta":{}}],"startTime":1763612869264,"endTime":1763612869267.559,"status":"passed","message":"","name":"E:/ocentra-games/src/lib/serialization/__tests__/Serializable.spec.ts"},{"assertionResults":[{"ancestorTitles":["HotStorageService","constructor"],"fullName":"HotStorageService constructor should use provided storage implementation","status":"passed","title":"should use provided storage implementation","duration":1.6619000000000597,"failureMessages":[],"meta":{}},{"ancestorTitles":["HotStorageService","constructor"],"fullName":"HotStorageService constructor should create R2Service from config when no implementation provided","status":"passed","title":"should create R2Service from config when no implementation provided","duration":0.5437000000001717,"failureMessages":[],"meta":{}},{"ancestorTitles":["HotStorageService","constructor"],"fullName":"HotStorageService constructor should work with R2Service when config is available","status":"passed","title":"should work with R2Service when config is available","duration":0.21039999999993597,"failureMessages":[],"meta":{}},{"ancestorTitles":["HotStorageService","setStorageImpl"],"fullName":"HotStorageService setStorageImpl should swap the storage implementation","status":"passed","title":"should swap the storage implementation","duration":1.9007000000001426,"failureMessages":[],"meta":{}},{"ancestorTitles":["HotStorageService","uploadMatchRecord"],"fullName":"HotStorageService uploadMatchRecord should delegate to storage implementation","status":"passed","title":"should delegate to storage implementation","duration":0.5540000000000873,"failureMessages":[],"meta":{}},{"ancestorTitles":["HotStorageService","getMatchRecord"],"fullName":"HotStorageService getMatchRecord should delegate to storage implementation","status":"passed","title":"should delegate to storage implementation","duration":0.3613000000000284,"failureMessages":[],"meta":{}},{"ancestorTitles":["HotStorageService","getMatchRecord"],"fullName":"HotStorageService getMatchRecord should return null when storage returns null","status":"passed","title":"should return null when storage returns null","duration":0.2638000000001739,"failureMessages":[],"meta":{}},{"ancestorTitles":["HotStorageService","generateSignedUrl"],"fullName":"HotStorageService generateSignedUrl should delegate to storage implementation with default expiration","status":"passed","title":"should delegate to storage implementation with default expiration","duration":0.37570000000005166,"failureMessages":[],"meta":{}},{"ancestorTitles":["HotStorageService","generateSignedUrl"],"fullName":"HotStorageService generateSignedUrl should delegate to storage implementation with custom expiration","status":"passed","title":"should delegate to storage implementation with custom expiration","duration":0.5012000000001535,"failureMessages":[],"meta":{}},{"ancestorTitles":["HotStorageService","integration with R2Service"],"fullName":"HotStorageService integration with R2Service should work with R2Service when configured","status":"passed","title":"should work with R2Service when configured","duration":0.813600000000406,"failureMessages":[],"meta":{}}],"startTime":1763612869406,"endTime":1763612869413.8137,"status":"passed","message":"","name":"E:/ocentra-games/src/services/storage/__tests__/HotStorageService.test.ts"},{"assertionResults":[{"ancestorTitles":["R2Service Hello World E2E Test"],"fullName":"R2Service Hello World E2E Test should respond to a simple GET request","status":"passed","title":"should respond to a simple GET request","duration":186.34749999999985,"failureMessages":[],"meta":{}},{"ancestorTitles":["R2Service Hello World E2E Test"],"fullName":"R2Service Hello World E2E Test should handle OPTIONS request (CORS preflight)","status":"passed","title":"should handle OPTIONS request (CORS preflight)","duration":18.237099999999828,"failureMessages":[],"meta":{}},{"ancestorTitles":["R2Service Hello World E2E Test"],"fullName":"R2Service Hello World E2E Test should return proper error for PUT without auth (if auth required)","status":"passed","title":"should return proper error for PUT without auth (if auth required)","duration":29.99200000000019,"failureMessages":[],"meta":{}},{"ancestorTitles":["R2Service Hello World E2E Test"],"fullName":"R2Service Hello World E2E Test should ACTUALLY upload real data to R2 and you can see it in Cloudflare","status":"passed","title":"should ACTUALLY upload real data to R2 and you can see it in Cloudflare","duration":2333.3009,"failureMessages":[],"meta":{}}],"startTime":1763612869341,"endTime":1763612871909.3008,"status":"passed","message":"","name":"E:/ocentra-games/src/services/storage/__tests__/R2Service.hello.test.ts"},{"assertionResults":[{"ancestorTitles":["R2Service Integration Tests with Real Test Data","Full Write/Read Cycle"],"fullName":"R2Service Integration Tests with Real Test Data Full Write/Read Cycle should upload and retrieve a complete match record","status":"passed","title":"should upload and retrieve a complete match record","duration":6.656799999999748,"failureMessages":[],"meta":{}},{"ancestorTitles":["R2Service Integration Tests with Real Test Data","Full Write/Read Cycle"],"fullName":"R2Service Integration Tests with Real Test Data Full Write/Read Cycle should handle large match records with many events","status":"passed","title":"should handle large match records with many events","duration":1.1406000000001768,"failureMessages":[],"meta":{}},{"ancestorTitles":["R2Service Integration Tests with Real Test Data","Full Write/Read Cycle"],"fullName":"R2Service Integration Tests with Real Test Data Full Write/Read Cycle should handle match records with AI chain-of-thought","status":"passed","title":"should handle match records with AI chain-of-thought","duration":1.1478000000001884,"failureMessages":[],"meta":{}},{"ancestorTitles":["R2Service Integration Tests with Real Test Data","Error Handling with Realistic Data"],"fullName":"R2Service Integration Tests with Real Test Data Error Handling with Realistic Data should reject match records exceeding 10MB limit","status":"passed","title":"should reject match records exceeding 10MB limit","duration":43.772399999999834,"failureMessages":[],"meta":{}},{"ancestorTitles":["R2Service Integration Tests with Real Test Data","Error Handling with Realistic Data"],"fullName":"R2Service Integration Tests with Real Test Data Error Handling with Realistic Data should handle network errors during upload with retry","status":"passed","title":"should handle network errors during upload with retry","duration":3005.7073,"failureMessages":[],"meta":{}},{"ancestorTitles":["R2Service Integration Tests with Real Test Data","Error Handling with Realistic Data"],"fullName":"R2Service Integration Tests with Real Test Data Error Handling with Realistic Data should not retry on 400 Bad Request (invalid data)","status":"passed","title":"should not retry on 400 Bad Request (invalid data)","duration":0.8227999999999156,"failureMessages":[],"meta":{}},{"ancestorTitles":["R2Service Integration Tests with Real Test Data","Error Handling with Realistic Data"],"fullName":"R2Service Integration Tests with Real Test Data Error Handling with Realistic Data should return null for non-existent match records","status":"passed","title":"should return null for non-existent match records","duration":0.25310000000081345,"failureMessages":[],"meta":{}},{"ancestorTitles":["R2Service Integration Tests with Real Test Data","Signed URL Generation"],"fullName":"R2Service Integration Tests with Real Test Data Signed URL Generation should generate signed URL for match record access","status":"passed","title":"should generate signed URL for match record access","duration":0.4408000000003085,"failureMessages":[],"meta":{}},{"ancestorTitles":["R2Service Integration Tests with Real Test Data","Signed URL Generation"],"fullName":"R2Service Integration Tests with Real Test Data Signed URL Generation should use default expiration (1 hour) when not specified","status":"passed","title":"should use default expiration (1 hour) when not specified","duration":0.45100000000002183,"failureMessages":[],"meta":{}},{"ancestorTitles":["R2Service Integration Tests with Real Test Data","Delete Operations"],"fullName":"R2Service Integration Tests with Real Test Data Delete Operations should delete a match record successfully","status":"passed","title":"should delete a match record successfully","duration":0.2974000000003798,"failureMessages":[],"meta":{}},{"ancestorTitles":["R2Service Integration Tests with Real Test Data","Delete Operations"],"fullName":"R2Service Integration Tests with Real Test Data Delete Operations should handle deletion of non-existent match gracefully","status":"passed","title":"should handle deletion of non-existent match gracefully","duration":0.42039999999997235,"failureMessages":[],"meta":{}},{"ancestorTitles":["R2Service Integration Tests with Real Test Data","Data Integrity"],"fullName":"R2Service Integration Tests with Real Test Data Data Integrity should preserve all match record fields during upload/retrieve","status":"passed","title":"should preserve all match record fields during upload/retrieve","duration":1.512300000000323,"failureMessages":[],"meta":{}},{"ancestorTitles":["R2Service Integration Tests with Real Test Data","Data Integrity"],"fullName":"R2Service Integration Tests with Real Test Data Data Integrity should handle special characters in match data","status":"passed","title":"should handle special characters in match data","duration":0.6140000000004875,"failureMessages":[],"meta":{}},{"ancestorTitles":["R2Service Integration Tests with Real Test Data","Concurrent Operations"],"fullName":"R2Service Integration Tests with Real Test Data Concurrent Operations should handle multiple concurrent uploads","status":"passed","title":"should handle multiple concurrent uploads","duration":0.7847000000001572,"failureMessages":[],"meta":{}},{"ancestorTitles":["R2Service Integration Tests with Real Test Data","Concurrent Operations"],"fullName":"R2Service Integration Tests with Real Test Data Concurrent Operations should handle concurrent read operations","status":"passed","title":"should handle concurrent read operations","duration":0.7614000000003216,"failureMessages":[],"meta":{}}],"startTime":1763612869400,"endTime":1763612872465.7615,"status":"passed","message":"","name":"E:/ocentra-games/src/services/storage/__tests__/R2Service.integration.test.ts"},{"assertionResults":[{"ancestorTitles":["R2Service","uploadMatchRecord"],"fullName":"R2Service uploadMatchRecord should upload a match record successfully","status":"passed","title":"should upload a match record successfully","duration":5.9044999999996435,"failureMessages":[],"meta":{}},{"ancestorTitles":["R2Service","uploadMatchRecord"],"fullName":"R2Service uploadMatchRecord should throw error if record exceeds size limit","status":"passed","title":"should throw error if record exceeds size limit","duration":10.901299999999992,"failureMessages":[],"meta":{}},{"ancestorTitles":["R2Service","uploadMatchRecord"],"fullName":"R2Service uploadMatchRecord should retry on network errors","status":"passed","title":"should retry on network errors","duration":3001.8131999999996,"failureMessages":[],"meta":{}},{"ancestorTitles":["R2Service","uploadMatchRecord"],"fullName":"R2Service uploadMatchRecord should not retry on 4xx client errors","status":"passed","title":"should not retry on 4xx client errors","duration":0.7371000000002823,"failureMessages":[],"meta":{}},{"ancestorTitles":["R2Service","uploadMatchRecord"],"fullName":"R2Service uploadMatchRecord should throw error after max retries","status":"passed","title":"should throw error after max retries","duration":3024.6016,"failureMessages":[],"meta":{}},{"ancestorTitles":["R2Service","getMatchRecord"],"fullName":"R2Service getMatchRecord should retrieve a match record successfully","status":"passed","title":"should retrieve a match record successfully","duration":0.819300000000112,"failureMessages":[],"meta":{}},{"ancestorTitles":["R2Service","getMatchRecord"],"fullName":"R2Service getMatchRecord should return null for 404 responses","status":"passed","title":"should return null for 404 responses","duration":0.41459999999915453,"failureMessages":[],"meta":{}},{"ancestorTitles":["R2Service","getMatchRecord"],"fullName":"R2Service getMatchRecord should retry on network errors","status":"passed","title":"should retry on network errors","duration":1014.0829000000003,"failureMessages":[],"meta":{}},{"ancestorTitles":["R2Service","getMatchRecord"],"fullName":"R2Service getMatchRecord should not retry on 404 or 4xx errors","status":"passed","title":"should not retry on 404 or 4xx errors","duration":0.5360000000000582,"failureMessages":[],"meta":{}},{"ancestorTitles":["R2Service","generateSignedUrl"],"fullName":"R2Service generateSignedUrl should generate a signed URL successfully","status":"passed","title":"should generate a signed URL successfully","duration":0.48219999999855645,"failureMessages":[],"meta":{}},{"ancestorTitles":["R2Service","generateSignedUrl"],"fullName":"R2Service generateSignedUrl should use custom expiration time","status":"passed","title":"should use custom expiration time","duration":0.35820000000057917,"failureMessages":[],"meta":{}},{"ancestorTitles":["R2Service","generateSignedUrl"],"fullName":"R2Service generateSignedUrl should throw error on failed request","status":"passed","title":"should throw error on failed request","duration":0.2381999999997788,"failureMessages":[],"meta":{}},{"ancestorTitles":["R2Service","deleteMatchRecord"],"fullName":"R2Service deleteMatchRecord should delete a match record successfully","status":"passed","title":"should delete a match record successfully","duration":0.31859999999869615,"failureMessages":[],"meta":{}},{"ancestorTitles":["R2Service","deleteMatchRecord"],"fullName":"R2Service deleteMatchRecord should throw error on failed deletion","status":"passed","title":"should throw error on failed deletion","duration":0.2232000000003609,"failureMessages":[],"meta":{}}],"startTime":1763612869314,"endTime":1763612876377.3186,"status":"passed","message":"","name":"E:/ocentra-games/src/services/storage/__tests__/R2Service.test.ts"},{"assertionResults":[{"ancestorTitles":["StorageConfig"],"fullName":"StorageConfig should return config with R2 settings","status":"passed","title":"should return config with R2 settings","duration":2.224999999999909,"failureMessages":[],"meta":{}},{"ancestorTitles":["StorageConfig"],"fullName":"StorageConfig should have default bucket name when env var not set","status":"passed","title":"should have default bucket name when env var not set","duration":0.34629999999992833,"failureMessages":[],"meta":{}},{"ancestorTitles":["StorageConfig"],"fullName":"StorageConfig should handle fallbackToFirebase flag","status":"passed","title":"should handle fallbackToFirebase flag","duration":0.2240999999999076,"failureMessages":[],"meta":{}},{"ancestorTitles":["StorageConfig"],"fullName":"StorageConfig should always return r2 config object","status":"passed","title":"should always return r2 config object","duration":0.5464000000001761,"failureMessages":[],"meta":{}}],"startTime":1763612869329,"endTime":1763612869332.5464,"status":"passed","message":"","name":"E:/ocentra-games/src/services/storage/__tests__/StorageConfig.test.ts"},{"assertionResults":[{"ancestorTitles":["Match Lifecycle Integration"],"fullName":"Match Lifecycle Integration should canonicalize and hash a match record correctly","status":"passed","title":"should canonicalize and hash a match record correctly","duration":6.706900000000132,"failureMessages":[],"meta":{}},{"ancestorTitles":["Match Lifecycle Integration"],"fullName":"Match Lifecycle Integration should handle batch creation and manifest generation","status":"passed","title":"should handle batch creation and manifest generation","duration":1894.0417,"failureMessages":[],"meta":{}},{"ancestorTitles":["Match Lifecycle Integration"],"fullName":"Match Lifecycle Integration should verify canonical JSON determinism","status":"passed","title":"should verify canonical JSON determinism","duration":1.2291000000000167,"failureMessages":[],"meta":{}}],"startTime":1763612869192,"endTime":1763612871094.229,"status":"passed","message":"","name":"E:/ocentra-games/src/services/__tests__/integration/match-lifecycle.test.ts"},{"assertionResults":[{"ancestorTitles":["Verification Workflow Integration"],"fullName":"Verification Workflow Integration should verify a complete match record","status":"passed","title":"should verify a complete match record","duration":149.41940000000022,"failureMessages":[],"meta":{}},{"ancestorTitles":["Verification Workflow Integration"],"fullName":"Verification Workflow Integration should verify Merkle proof for batched match","status":"passed","title":"should verify Merkle proof for batched match","duration":7.82950000000028,"failureMessages":[],"meta":{}}],"startTime":1763612870857,"endTime":1763612871014.8296,"status":"passed","message":"","name":"E:/ocentra-games/src/services/__tests__/integration/verification-workflow.test.ts"},{"assertionResults":[{"ancestorTitles":["Full Match Lifecycle E2E"],"fullName":"Full Match Lifecycle E2E should complete full match lifecycle: create → join → start → moves → end","status":"passed","title":"should complete full match lifecycle: create → join → start → moves → end","duration":4529.4565999999995,"failureMessages":[],"meta":{}},{"ancestorTitles":["Full Match Lifecycle E2E"],"fullName":"Full Match Lifecycle E2E should handle batch moves correctly","status":"passed","title":"should handle batch moves correctly","duration":1592.1028000000006,"failureMessages":[],"meta":{}}],"startTime":1763612872143,"endTime":1763612878265.1028,"status":"passed","message":"","name":"E:/ocentra-games/src/services/__tests__/e2e/full-match-lifecycle.test.ts"},{"assertionResults":[{"ancestorTitles":["Solana Integration E2E"],"fullName":"Solana Integration E2E should create a match on devnet","status":"passed","title":"should create a match on devnet","duration":489.66640000000007,"failureMessages":[],"meta":{}},{"ancestorTitles":["Solana Integration E2E"],"fullName":"Solana Integration E2E should submit a move and verify nonce protection","status":"passed","title":"should submit a move and verify nonce protection","duration":632.1718999999994,"failureMessages":[],"meta":{}},{"ancestorTitles":["Solana Integration E2E"],"fullName":"Solana Integration E2E should verify match record end-to-end","status":"passed","title":"should verify match record end-to-end","duration":0.18519999999989523,"failureMessages":[],"meta":{}},{"ancestorTitles":["Solana Integration E2E"],"fullName":"Solana Integration E2E should handle transaction confirmation and state polling","status":"passed","title":"should handle transaction confirmation and state polling","duration":3174.8457,"failureMessages":[],"meta":{}}],"startTime":1763612872046,"endTime":1763612876342.8457,"status":"passed","message":"","name":"E:/ocentra-games/src/services/__tests__/e2e/solana-integration.test.ts"},{"assertionResults":[{"ancestorTitles":["Match Creation Load Test"],"fullName":"Match Creation Load Test should handle creating 1000 matches","status":"passed","title":"should handle creating 1000 matches","duration":3419.3086,"failureMessages":[],"meta":{}},{"ancestorTitles":["Match Creation Load Test"],"fullName":"Match Creation Load Test should measure match creation throughput","status":"passed","title":"should measure match creation throughput","duration":332.1376,"failureMessages":[],"meta":{}}],"startTime":1763612870423,"endTime":1763612874174.1377,"status":"passed","message":"","name":"E:/ocentra-games/src/services/__tests__/load/match-creation.test.ts"},{"assertionResults":[{"ancestorTitles":["Merkle Batching Load Tests"],"fullName":"Merkle Batching Load Tests should handle 1000 match hashes in a batch","status":"passed","title":"should handle 1000 match hashes in a batch","duration":188.79160000000002,"failureMessages":[],"meta":{}},{"ancestorTitles":["Merkle Batching Load Tests"],"fullName":"Merkle Batching Load Tests should benchmark batch creation cost","status":"passed","title":"should benchmark batch creation cost","duration":22352.0675,"failureMessages":[],"meta":{}},{"ancestorTitles":["Merkle Batching Load Tests"],"fullName":"Merkle Batching Load Tests should handle concurrent move submissions","status":"passed","title":"should handle concurrent move submissions","duration":102.5653999999995,"failureMessages":[],"meta":{}}],"startTime":1763612869157,"endTime":1763612891801.5654,"status":"passed","message":"","name":"E:/ocentra-games/src/services/__tests__/load/merkle-batching.test.ts"},{"assertionResults":[{"ancestorTitles":["CanonicalJSON","stringify"],"fullName":"CanonicalJSON stringify should recursively sort object keys","status":"passed","title":"should recursively sort object keys","duration":2.694500000000062,"failureMessages":[],"meta":{}},{"ancestorTitles":["CanonicalJSON","stringify"],"fullName":"CanonicalJSON stringify should normalize numbers correctly","status":"passed","title":"should normalize numbers correctly","duration":1.0432000000000698,"failureMessages":[],"meta":{}},{"ancestorTitles":["CanonicalJSON","stringify"],"fullName":"CanonicalJSON stringify should escape only control characters in Unicode","status":"passed","title":"should escape only control characters in Unicode","duration":0.6054999999998927,"failureMessages":[],"meta":{}},{"ancestorTitles":["CanonicalJSON","stringify"],"fullName":"CanonicalJSON stringify should handle arrays correctly","status":"passed","title":"should handle arrays correctly","duration":0.650000000000091,"failureMessages":[],"meta":{}},{"ancestorTitles":["CanonicalJSON","stringify"],"fullName":"CanonicalJSON stringify should produce deterministic output","status":"passed","title":"should produce deterministic output","duration":0.41089999999985594,"failureMessages":[],"meta":{}},{"ancestorTitles":["CanonicalJSON","stringify"],"fullName":"CanonicalJSON stringify should handle edge cases","status":"passed","title":"should handle edge cases","duration":0.3968999999999596,"failureMessages":[],"meta":{}}],"startTime":1763612869331,"endTime":1763612869336.411,"status":"passed","message":"","name":"E:/ocentra-games/src/lib/match-recording/canonical/__tests__/CanonicalJSON.test.ts"},{"assertionResults":[{"ancestorTitles":["CanonicalSerializer","toISO8601"],"fullName":"CanonicalSerializer toISO8601 should format timestamps with milliseconds precision","status":"passed","title":"should format timestamps with milliseconds precision","duration":2.575700000000097,"failureMessages":[],"meta":{}},{"ancestorTitles":["CanonicalSerializer","toISO8601"],"fullName":"CanonicalSerializer toISO8601 should handle seconds timestamps","status":"passed","title":"should handle seconds timestamps","duration":0.3655999999996311,"failureMessages":[],"meta":{}},{"ancestorTitles":["CanonicalSerializer","validateVersion"],"fullName":"CanonicalSerializer validateVersion should accept valid semantic versions","status":"passed","title":"should accept valid semantic versions","duration":1.6934000000001106,"failureMessages":[],"meta":{}},{"ancestorTitles":["CanonicalSerializer","validateVersion"],"fullName":"CanonicalSerializer validateVersion should reject invalid versions","status":"passed","title":"should reject invalid versions","duration":0.6663000000003194,"failureMessages":[],"meta":{}},{"ancestorTitles":["CanonicalSerializer","canonicalizeMatchRecord"],"fullName":"CanonicalSerializer canonicalizeMatchRecord should canonicalize a basic match record","status":"passed","title":"should canonicalize a basic match record","duration":1.274499999999989,"failureMessages":[],"meta":{}},{"ancestorTitles":["CanonicalSerializer","canonicalizeMatchRecord"],"fullName":"CanonicalSerializer canonicalizeMatchRecord should handle match records with moves","status":"passed","title":"should handle match records with moves","duration":0.5514000000002852,"failureMessages":[],"meta":{}}],"startTime":1763612869331,"endTime":1763612869338.5515,"status":"passed","message":"","name":"E:/ocentra-games/src/lib/match-recording/canonical/__tests__/CanonicalSerializer.test.ts"}]}