{"numTotalTestSuites":2,"numPassedTestSuites":2,"numFailedTestSuites":0,"numPendingTestSuites":0,"numTotalTests":4,"numPassedTests":4,"numFailedTests":0,"numPendingTests":0,"numTodoTests":0,"snapshot":{"added":0,"failure":false,"filesAdded":0,"filesRemoved":0,"filesRemovedList":[],"filesUnmatched":0,"filesUpdated":0,"matched":0,"total":0,"unchecked":0,"uncheckedKeysByFile":[],"unmatched":0,"updated":0,"didUpdate":false},"startTime":1763600314177,"success":true,"testResults":[{"assertionResults":[{"ancestorTitles":["StorageConfig"],"fullName":"StorageConfig should return config with R2 settings","status":"passed","title":"should return config with R2 settings","duration":1.5111000000000558,"failureMessages":[],"meta":{}},{"ancestorTitles":["StorageConfig"],"fullName":"StorageConfig should have default bucket name when env var not set","status":"passed","title":"should have default bucket name when env var not set","duration":0.21739999999999782,"failureMessages":[],"meta":{}},{"ancestorTitles":["StorageConfig"],"fullName":"StorageConfig should handle fallbackToFirebase flag","status":"passed","title":"should handle fallbackToFirebase flag","duration":0.15099999999995362,"failureMessages":[],"meta":{}},{"ancestorTitles":["StorageConfig"],"fullName":"StorageConfig should always return r2 config object","status":"passed","title":"should always return r2 config object","duration":0.373299999999972,"failureMessages":[],"meta":{}}],"startTime":1763600315103,"endTime":1763600315105.3733,"status":"passed","message":"","name":"E:/ocentra-games/src/services/storage/__tests__/StorageConfig.test.ts"}]}